2025-05-21T09:34:14.084+05:30  INFO 13964 --- [logs] [main] lk.ijse.logs.LogsApplication             : Starting LogsApplication using Java 17.0.10 with PID 13964 (C:\Users\Sonali\IdeaProjects\3rd_SEM\AD2\logs\target\classes started by Sonali in C:\Users\Sonali\IdeaProjects\3rd_SEM\AD2\logs)
2025-05-21T09:34:14.089+05:30  INFO 13964 --- [logs] [main] lk.ijse.logs.LogsApplication             : No active profile set, falling back to 1 default profile: "default"
2025-05-21T09:34:17.454+05:30  INFO 13964 --- [logs] [main] o.s.b.w.embedded.tomcat.TomcatWebServer  : Tomcat initialized with port 8080 (http)
2025-05-21T09:34:17.500+05:30  INFO 13964 --- [logs] [main] o.apache.catalina.core.StandardService   : Starting service [Tomcat]
2025-05-21T09:34:17.501+05:30  INFO 13964 --- [logs] [main] o.apache.catalina.core.StandardEngine    : Starting Servlet engine: [Apache Tomcat/10.1.40]
2025-05-21T09:34:17.692+05:30  INFO 13964 --- [logs] [main] o.a.c.c.C.[Tomcat].[localhost].[/]       : Initializing Spring embedded WebApplicationContext
2025-05-21T09:34:17.693+05:30  INFO 13964 --- [logs] [main] w.s.c.ServletWebServerApplicationContext : Root WebApplicationContext: initialization completed in 3425 ms
2025-05-21T09:34:29.542+05:30  INFO 13964 --- [logs] [main] o.s.b.w.embedded.tomcat.TomcatWebServer  : Tomcat started on port 8080 (http) with context path '/'
2025-05-21T09:34:29.562+05:30  INFO 13964 --- [logs] [main] lk.ijse.logs.LogsApplication             : Started LogsApplication in 17.058 seconds (process running for 18.795)
2025-05-21T09:38:15.467+05:30  INFO 13964 --- [logs] [http-nio-8080-exec-1] o.a.c.c.C.[Tomcat].[localhost].[/]       : Initializing Spring DispatcherServlet 'dispatcherServlet'
2025-05-21T09:38:15.468+05:30  INFO 13964 --- [logs] [http-nio-8080-exec-1] o.s.web.servlet.DispatcherServlet        : Initializing Servlet 'dispatcherServlet'
2025-05-21T09:38:15.470+05:30  INFO 13964 --- [logs] [http-nio-8080-exec-1] o.s.web.servlet.DispatcherServlet        : Completed initialization in 1 ms
2025-05-21T09:38:27.532+05:30  INFO 13964 --- [logs] [http-nio-8080-exec-7] lk.ijse.logs.api.LogController           : Info log message
2025-05-21T09:38:27.532+05:30  WARN 13964 --- [logs] [http-nio-8080-exec-7] lk.ijse.logs.api.LogController           : Warning log message
2025-05-21T09:38:27.533+05:30 ERROR 13964 --- [logs] [http-nio-8080-exec-7] lk.ijse.logs.api.LogController           : Error log message
2025-05-21T09:38:27.533+05:30 ERROR 13964 --- [logs] [http-nio-8080-exec-7] lk.ijse.logs.api.LogController           : Number format errror: For input string: "hello"
2025-05-21T09:52:41.915+05:30  INFO 2144 --- [logs] [main] lk.ijse.logs.LogsApplicationTests        : Starting LogsApplicationTests using Java 17.0.10 with PID 2144 (started by Sonali in C:\Users\Sonali\IdeaProjects\3rd_SEM\AD2\logs)
2025-05-21T09:52:41.918+05:30  INFO 2144 --- [logs] [main] lk.ijse.logs.LogsApplicationTests        : No active profile set, falling back to 1 default profile: "default"
2025-05-21T09:52:44.751+05:30  INFO 2144 --- [logs] [main] lk.ijse.logs.LogsApplicationTests        : Started LogsApplicationTests in 3.601 seconds (process running for 5.807)
2025-05-21T10:01:09.395+05:30  INFO 13964 --- [logs] [SpringApplicationShutdownHook] o.s.b.w.e.tomcat.GracefulShutdown        : Commencing graceful shutdown. Waiting for active requests to complete
2025-05-21T10:01:09.774+05:30  INFO 13964 --- [logs] [tomcat-shutdown] o.s.b.w.e.tomcat.GracefulShutdown        : Graceful shutdown complete
2025-05-21T10:25:36.184+05:30  INFO 17600 --- [logs] [main] lk.ijse.logs.LogsApplication             : Starting LogsApplication using Java 17.0.10 with PID 17600 (C:\Users\Sonali\IdeaProjects\3rd_SEM\AD2\logs\target\classes started by Sonali in C:\Users\Sonali\IdeaProjects\3rd_SEM\AD2\logs)
2025-05-21T10:25:36.189+05:30  INFO 17600 --- [logs] [main] lk.ijse.logs.LogsApplication             : No active profile set, falling back to 1 default profile: "default"
2025-05-21T10:25:37.877+05:30  INFO 17600 --- [logs] [main] o.s.b.w.embedded.tomcat.TomcatWebServer  : Tomcat initialized with port 8080 (http)
2025-05-21T10:25:37.902+05:30  INFO 17600 --- [logs] [main] o.apache.catalina.core.StandardService   : Starting service [Tomcat]
2025-05-21T10:25:37.902+05:30  INFO 17600 --- [logs] [main] o.apache.catalina.core.StandardEngine    : Starting Servlet engine: [Apache Tomcat/10.1.40]
2025-05-21T10:25:37.973+05:30  INFO 17600 --- [logs] [main] o.a.c.c.C.[Tomcat].[localhost].[/]       : Initializing Spring embedded WebApplicationContext
2025-05-21T10:25:37.974+05:30  INFO 17600 --- [logs] [main] w.s.c.ServletWebServerApplicationContext : Root WebApplicationContext: initialization completed in 1676 ms
2025-05-21T10:25:38.566+05:30  INFO 17600 --- [logs] [main] o.s.b.w.embedded.tomcat.TomcatWebServer  : Tomcat started on port 8080 (http) with context path '/'
2025-05-21T10:25:38.579+05:30  INFO 17600 --- [logs] [main] lk.ijse.logs.LogsApplication             : Started LogsApplication in 3.348 seconds (process running for 4.651)
2025-05-21T11:45:49.052+05:30  INFO 17600 --- [logs] [SpringApplicationShutdownHook] o.s.b.w.e.tomcat.GracefulShutdown        : Commencing graceful shutdown. Waiting for active requests to complete
2025-05-21T11:45:50.017+05:30  INFO 17600 --- [logs] [tomcat-shutdown] o.s.b.w.e.tomcat.GracefulShutdown        : Graceful shutdown complete
